<?xml version="1.0" encoding="UTF-8"?>
<beans xmlns="http://www.springframework.org/schema/beans"
       xmlns:xsi="http://www.w3.org/2001/XMLSchema-instance" xmlns:tx="http://www.springframework.org/schema/tx"
       xmlns:jdbc="http://www.springframework.org/schema/jdbc"
       xmlns:context="http://www.springframework.org/schema/context"
       xsi:schemaLocation="http://www.springframework.org/schema/beans http://www.springframework.org/schema/beans/spring-beans.xsd http://www.springframework.org/schema/tx http://www.springframework.org/schema/tx/spring-tx.xsd http://www.springframework.org/schema/jdbc http://www.springframework.org/schema/jdbc/spring-jdbc.xsd http://www.springframework.org/schema/context http://www.springframework.org/schema/context/spring-context.xsd">

    <tx:annotation-driven transaction-manager="transactionManager"/>

    <import resource="classpath*:persistence-config.xml"/>

    <bean class="org.springframework.orm.jpa.support.PersistenceAnnotationBeanPostProcessor" />

    <bean id="transactionManager" class="org.springframework.orm.jpa.JpaTransactionManager">
        <property name="dataSource" ref="dataSource"/>
        <property name="entityManagerFactory" ref="entityManagerFactory"/>
    </bean>

    <jdbc:embedded-database id="dataSource" type="HSQL">
        <jdbc:script location="schema.sql"/>
        <jdbc:script location="test_data.sql"/>
    </jdbc:embedded-database>

    <bean id="entityManagerFactory" class="org.springframework.orm.jpa.LocalContainerEntityManagerFactoryBean">
        <property name="persistenceUnitName" value="springJavaForum"/>
        <property name="packagesToScan" value="entelect.spring.example"/>
        <property name="jpaVendorAdapter">
            <bean class="org.springframework.orm.jpa.vendor.HibernateJpaVendorAdapter"/>
        </property>
        <property name="jpaProperties">
            <props>
                <prop key="hibernate.dialect">org.hibernate.dialect.HSQLDialect</prop>
                <prop key="hibernate.show_sql">false</prop>
                <prop key="hibernate.format_sql">false</prop>
                <prop key="hibernate.generate_statistics">false</prop>
                <prop key="hibernate.cache.use_second_level_cache">true</prop>
                <prop key="hibernate.query.factory_class">
                    org.hibernate.hql.internal.classic.ClassicQueryTranslatorFactory
                </prop>
            </props>
        </property>
        <property name="dataSource" ref="dataSource"/>
    </bean>

    <bean id="jdbcTemplate" class="org.springframework.jdbc.core.JdbcTemplate">
        <property name="dataSource" ref="dataSource" />
    </bean>

</beans>